<?xml version="1.0" encoding="UTF-8"?>
<!-- Generated by org.testng.reporters.JUnitXMLReporter -->
<testsuite ignored="0" hostname="DESKTOP-1QASA0A" failures="0" tests="4" name="Default test" time="105.049" errors="0" timestamp="2020-06-08T20:57:27 IST">
  <testcase classname="com.mercury.qa.testcases.ProfilePageTest" name="validateCreateNewProfile" time="6.571"/>
  <testcase classname="com.mercury.qa.testcases.ProfilePageTest" name="validateCreateNewProfile" time="5.667"/>
  <testcase classname="com.mercury.qa.testcases.ProfilePageTest" name="validateCreateNewProfile" time="5.547"/>
  <testcase classname="com.mercury.qa.testcases.ProfilePageTest" name="validateCreateNewProfile" time="5.356"/>
</testsuite> <!-- Default test -->
