<?xml version="1.0" encoding="UTF-8"?>
<!-- Generated by org.testng.reporters.JUnitXMLReporter -->
<testsuite ignored="0" hostname="DESKTOP-1QASA0A" failures="0" tests="13" name="Mercury DemoTours Application test cases" time="208.184" errors="0" timestamp="2020-04-13T20:55:56 IST">
  <testcase classname="com.mercury.qa.testcases.ContactPageTest" name="verifyBackToHomeImgTest" time="0.358"/>
  <testcase classname="com.mercury.qa.testcases.ContactPageTest" name="verifyFooterLabelTest" time="0.194"/>
  <testcase classname="com.mercury.qa.testcases.ContactPageTest" name="verifyClickOnbackToHomeBtnTest" time="1.402"/>
  <testcase classname="com.mercury.qa.testcases.HomePageTest" name="verifyHomePageTitleTest" time="0.071"/>
  <testcase classname="com.mercury.qa.testcases.HomePageTest" name="verifyCorrectImageLabelTest" time="0.174"/>
  <testcase classname="com.mercury.qa.testcases.HomePageTest" name="clickOnIteneraryLinkTest" time="1.013"/>
  <testcase classname="com.mercury.qa.testcases.LoginPageTest" name="loginPageTitleTest" time="0.038"/>
  <testcase classname="com.mercury.qa.testcases.LoginPageTest" name="mercuryImageLogoTest" time="0.268"/>
  <testcase classname="com.mercury.qa.testcases.LoginPageTest" name="loginTest" time="4.911"/>
  <testcase classname="com.mercury.qa.testcases.ProfilePageTest" name="validateCreateNewProfile" time="6.399"/>
  <testcase classname="com.mercury.qa.testcases.ProfilePageTest" name="validateCreateNewProfile" time="5.561"/>
  <testcase classname="com.mercury.qa.testcases.ProfilePageTest" name="validateCreateNewProfile" time="5.591"/>
  <testcase classname="com.mercury.qa.testcases.ProfilePageTest" name="validateCreateNewProfile" time="5.256"/>
</testsuite> <!-- Mercury DemoTours Application test cases -->
